2015-04-10 20:48:17.589  

************ Package Script  ************************************* process id: 8232
2015-04-10 20:48:35.536  CAT Installer: grunt@0.4.5 C:\Users\Erik\AppData\Roaming\npm\node_modules\grunt
├── dateformat@1.0.2-1.2.3
├── which@1.0.9
├── eventemitter2@0.4.14
├── getobject@0.1.0
├── rimraf@2.2.8
├── colors@0.6.2
├── async@0.1.22
├── grunt-legacy-util@0.2.0
├── hooker@0.2.3
├── exit@0.1.2
├── nopt@1.0.10 (abbrev@1.0.5)
├── lodash@0.9.2
├── minimatch@0.2.14 (sigmund@1.0.0, lru-cache@2.5.2)
├── glob@3.1.21 (inherits@1.0.0, graceful-fs@1.2.3)
├── underscore.string@2.2.1
├── coffee-script@1.3.3
├── iconv-lite@0.2.11
├── grunt-legacy-log@0.1.1 (underscore.string@2.3.3, lodash@2.4.1)
├── findup-sync@0.1.3 (glob@3.2.11, lodash@2.4.1)
└── js-yaml@2.0.5 (esprima@1.0.4, argparse@0.1.16)

2015-04-10 20:48:35.555  Package Script Complete 0
2015-04-10 20:48:38.584  CAT Installer: C:\Users\Erik\AppData\Roaming\npm\grunt -> C:\Users\Erik\AppData\Roaming\npm\node_modules\grunt-cli\bin\grunt

2015-04-10 20:48:40.612  CAT Installer: grunt-cli@0.1.13 C:\Users\Erik\AppData\Roaming\npm\node_modules\grunt-cli
├── resolve@0.3.1
├── nopt@1.0.10 (abbrev@1.0.5)
└── findup-sync@0.1.3 (lodash@2.4.1, glob@3.2.11)

2015-04-10 20:48:40.632  Package Script Complete 0
2015-04-10 20:49:24.620  CAT Installer: C:\Users\Erik\AppData\Roaming\npm\bower -> C:\Users\Erik\AppData\Roaming\npm\node_modules\bower\bin\bower

2015-04-10 20:49:26.598  CAT Installer: bower@1.4.1 C:\Users\Erik\AppData\Roaming\npm\node_modules\bower
├── is-root@1.0.0
├── junk@1.0.1
├── stringify-object@1.0.1
├── abbrev@1.0.5
├── chmodr@0.1.0
├── user-home@1.1.1
├── which@1.0.9
├── rimraf@2.3.2
├── archy@1.0.0
├── bower-endpoint-parser@0.2.2
├── opn@1.0.1
├── bower-logger@0.2.2
├── graceful-fs@3.0.6
├── lockfile@1.0.0
├── lru-cache@2.5.2
├── retry@0.6.1
├── nopt@3.0.1
├── tmp@0.0.24
├── q@1.2.0
├── request-progress@0.3.1 (throttleit@0.0.2)
├── chalk@1.0.0 (escape-string-regexp@1.0.3, ansi-styles@2.0.1, supports-color@1.3.1, strip-ansi@2.0.1, has-ansi@1.0.3)
├── shell-quote@1.4.3 (array-filter@0.0.1, array-map@0.0.0, array-reduce@0.0.0, jsonify@0.0.0)
├── bower-json@0.4.0 (intersect@0.0.3, deep-extend@0.2.11, graceful-fs@2.0.3)
├── semver@2.3.2
├── p-throttler@0.1.1 (q@0.9.7)
├── fstream@1.0.4 (inherits@2.0.1)
├── promptly@0.2.0 (read@1.0.5)
├── mkdirp@0.5.0 (minimist@0.0.8)
├── tar-fs@1.5.0 (pump@1.0.0, tar-stream@1.1.3)
├── fstream-ignore@1.0.2 (inherits@2.0.1, minimatch@2.0.4)
├── glob@4.5.3 (inherits@2.0.1, inflight@1.0.4, once@1.3.1, minimatch@2.0.4)
├── insight@0.5.3 (object-assign@2.0.0, lodash.debounce@3.0.3, async@0.9.0, os-name@1.0.3, tough-cookie@0.12.1)
├── update-notifier@0.3.1 (is-npm@1.0.0, string-length@1.0.0, semver-diff@2.0.0, latest-version@1.0.0)
├── decompress-zip@0.1.0 (mkpath@0.1.0, touch@0.0.3, readable-stream@1.1.13, binary@0.3.0)
├── github@0.2.3
├── request@2.53.0 (caseless@0.9.0, json-stringify-safe@5.0.0, forever-agent@0.5.2, aws-sign2@0.5.0, stringstream@0.0.4, oauth-sign@0.6.0, tunnel-agent@0.4.0, isstream@0.1.2, node-uuid@1.4.3, qs@2.3.3, combined-stream@0.0.7, form-data@0.2.0, mime-types@2.0.10, bl@0.9.4, http-signature@0.10.1, tough-cookie@0.12.1, hawk@2.3.1)
├── bower-registry-client@0.3.0 (graceful-fs@2.0.3, request-replay@0.2.0, rimraf@2.2.8, lru-cache@2.3.1, mkdirp@0.3.5, async@0.2.10, request@2.51.0)
├── cardinal@0.4.4 (ansicolors@0.2.1, redeyed@0.4.4)
├── mout@0.11.0
├── bower-config@0.6.1 (osenv@0.0.3, graceful-fs@2.0.3, optimist@0.6.1, mout@0.9.1)
├── configstore@0.3.2 (object-assign@2.0.0, xdg-basedir@1.0.1, osenv@0.1.0, uuid@2.0.1, js-yaml@3.2.7)
├── handlebars@2.0.0 (optimist@0.3.7, uglify-js@2.3.6)
└── inquirer@0.8.0 (figures@1.3.5, ansi-regex@1.1.1, mute-stream@0.0.4, through@2.3.7, readline2@0.1.1, chalk@0.5.1, lodash@2.4.1, cli-color@0.3.3, rx@2.5.1)

2015-04-10 20:49:26.629  Package Script Complete 0
2015-04-10 20:49:32.168  CAT Installer: express@4.12.3 C:\Users\Erik\AppData\Roaming\npm\node_modules\express
├── merge-descriptors@1.0.0
├── methods@1.1.1
├── utils-merge@1.0.0
├── vary@1.0.0
├── fresh@0.2.4
├── finalhandler@0.3.4
├── cookie@0.1.2
├── cookie-signature@1.0.6
├── parseurl@1.3.0
├── content-type@1.0.1
├── escape-html@1.0.1
├── range-parser@1.0.2
├── content-disposition@0.5.0
├── serve-static@1.9.2
├── path-to-regexp@0.1.3
├── depd@1.0.1
├── qs@2.4.1
├── on-finished@2.2.0 (ee-first@1.1.0)
├── debug@2.1.3 (ms@0.7.0)
├── proxy-addr@1.0.7 (forwarded@0.1.0, ipaddr.js@0.1.9)
├── type-is@1.6.1 (media-typer@0.3.0, mime-types@2.0.10)
├── accepts@1.2.5 (negotiator@0.5.1, mime-types@2.0.10)
├── etag@1.5.1 (crc@3.2.1)
└── send@0.12.2 (ms@0.7.0, destroy@1.0.3, mime@1.3.4)

2015-04-10 20:49:32.190  Package Script Complete 0
2015-04-10 20:49:32.196  [package-script] process completed, see pkgscript.log for more information
